<?xml version="1.0" encoding="UTF-8"?>
<!-- Generated by org.testng.reporters.JUnitXMLReporter -->
<testsuite ignored="0" hostname="spyder" failures="0" tests="2" name="Default test" time="143.857" errors="0" timestamp="2024-06-02T22:12:48 IST">
  <testcase classname="com.grubhub.ofos.restauranttest.OrderFromMultiplerRestaurant" name="orderFromMultiplerRestaurant" time="66.855"/>
  <testcase classname="com.grubhub.ofos.restauranttest.OrderFromMultiplerRestaurant" name="userorderFromMultiplerRestaurant" time="72.968"/>
</testsuite> <!-- Default test -->
