<?xml version="1.0" encoding="UTF-8"?>
<testng-results ignored="0" total="2" passed="2" failed="0" skipped="0">
  <reporter-output>
  </reporter-output>
  <suite started-at="2024-06-02T22:10:24 IST" name="Default suite" finished-at="2024-06-02T22:12:48 IST" duration-ms="143857">
    <groups>
      <group name="SmokeTest">
        <method signature="OrderFromMultiplerRestaurant.orderFromMultiplerRestaurant()[pri:0, instance:com.grubhub.ofos.restauranttest.OrderFromMultiplerRestaurant@6c40365c]" name="orderFromMultiplerRestaurant" class="com.grubhub.ofos.restauranttest.OrderFromMultiplerRestaurant"/>
      </group> <!-- SmokeTest -->
    </groups>
    <test started-at="2024-06-02T22:10:24 IST" name="Default test" finished-at="2024-06-02T22:12:48 IST" duration-ms="143857">
      <class name="com.grubhub.ofos.restauranttest.OrderFromMultiplerRestaurant">
        <test-method is-config="true" signature="configBS()[pri:0, instance:com.grubhub.ofos.restauranttest.OrderFromMultiplerRestaurant@6c40365c]" started-at="2024-06-02T22:10:24 IST" name="configBS" finished-at="2024-06-02T22:10:24 IST" duration-ms="42" status="PASS">
          <reporter-output>
          </reporter-output>
        </test-method> <!-- configBS -->
        <test-method is-config="true" signature="configBC()[pri:0, instance:com.grubhub.ofos.restauranttest.OrderFromMultiplerRestaurant@6c40365c]" started-at="2024-06-02T22:10:24 IST" name="configBC" finished-at="2024-06-02T22:10:28 IST" duration-ms="3968" status="PASS">
          <reporter-output>
          </reporter-output>
        </test-method> <!-- configBC -->
        <test-method is-config="true" signature="configBM()[pri:0, instance:com.grubhub.ofos.restauranttest.OrderFromMultiplerRestaurant@6c40365c]" started-at="2024-06-02T22:10:28 IST" name="configBM" finished-at="2024-06-02T22:10:28 IST" duration-ms="1" status="PASS">
          <reporter-output>
          </reporter-output>
        </test-method> <!-- configBM -->
        <test-method signature="orderFromMultiplerRestaurant()[pri:0, instance:com.grubhub.ofos.restauranttest.OrderFromMultiplerRestaurant@6c40365c]" started-at="2024-06-02T22:10:28 IST" name="orderFromMultiplerRestaurant" finished-at="2024-06-02T22:11:35 IST" duration-ms="66855" status="PASS">
          <reporter-output>
          </reporter-output>
        </test-method> <!-- orderFromMultiplerRestaurant -->
        <test-method is-config="true" signature="configAM()[pri:0, instance:com.grubhub.ofos.restauranttest.OrderFromMultiplerRestaurant@6c40365c]" started-at="2024-06-02T22:11:35 IST" name="configAM" finished-at="2024-06-02T22:11:35 IST" duration-ms="1" status="PASS">
          <reporter-output>
          </reporter-output>
        </test-method> <!-- configAM -->
        <test-method signature="userorderFromMultiplerRestaurant()[pri:0, instance:com.grubhub.ofos.restauranttest.OrderFromMultiplerRestaurant@6c40365c]" started-at="2024-06-02T22:11:35 IST" name="userorderFromMultiplerRestaurant" finished-at="2024-06-02T22:12:48 IST" depends-on-methods="com.grubhub.ofos.restauranttest.OrderFromMultiplerRestaurant.orderFromMultiplerRestaurant" duration-ms="72968" status="PASS">
          <reporter-output>
          </reporter-output>
        </test-method> <!-- userorderFromMultiplerRestaurant -->
        <test-method is-config="true" signature="configBM()[pri:0, instance:com.grubhub.ofos.restauranttest.OrderFromMultiplerRestaurant@6c40365c]" started-at="2024-06-02T22:11:35 IST" name="configBM" finished-at="2024-06-02T22:11:35 IST" duration-ms="0" status="PASS">
          <reporter-output>
          </reporter-output>
        </test-method> <!-- configBM -->
        <test-method is-config="true" signature="configAM()[pri:0, instance:com.grubhub.ofos.restauranttest.OrderFromMultiplerRestaurant@6c40365c]" started-at="2024-06-02T22:12:48 IST" name="configAM" finished-at="2024-06-02T22:12:48 IST" duration-ms="0" status="PASS">
          <reporter-output>
          </reporter-output>
        </test-method> <!-- configAM -->
        <test-method is-config="true" signature="configAC()[pri:0, instance:com.grubhub.ofos.restauranttest.OrderFromMultiplerRestaurant@6c40365c]" started-at="2024-06-02T22:12:48 IST" name="configAC" finished-at="2024-06-02T22:12:48 IST" duration-ms="1" status="PASS">
          <reporter-output>
          </reporter-output>
        </test-method> <!-- configAC -->
        <test-method is-config="true" signature="configAS()[pri:0, instance:com.grubhub.ofos.restauranttest.OrderFromMultiplerRestaurant@6c40365c]" started-at="2024-06-02T22:12:48 IST" name="configAS" finished-at="2024-06-02T22:12:48 IST" duration-ms="0" status="PASS">
          <reporter-output>
          </reporter-output>
        </test-method> <!-- configAS -->
      </class> <!-- com.grubhub.ofos.restauranttest.OrderFromMultiplerRestaurant -->
    </test> <!-- Default test -->
  </suite> <!-- Default suite -->
</testng-results>
